{
  "RSpec": {
    "coverage": {
      "/Users/kirtiman/Desktop/Makers/Projects/bank-tech-test/spec/bank_spec.rb": [
        1,
        null,
        1,
        9,
        null,
        1,
        1,
        1,
        1,
        null,
        null,
        null,
        1,
        1,
        1,
        1,
        1,
        null,
        1,
        2,
        null,
        null,
        null,
        1,
        1,
        1,
        1,
        1,
        1,
        null,
        null,
        1,
        2,
        null,
        null,
        null,
        1,
        1,
        1,
        null,
        1,
        1,
        1,
        1,
        null,
        null,
        null,
        null,
        null,
        1,
        1,
        1,
        2,
        null,
        null,
        null,
        null,
        null
      ],
      "/Users/kirtiman/Desktop/Makers/Projects/bank-tech-test/lib/bank.rb": [
        1,
        null,
        1,
        1,
        1,
        8,
        8,
        null,
        null,
        1,
        6,
        null,
        5,
        5,
        null,
        null,
        1,
        4,
        null,
        3,
        3,
        null,
        null,
        1,
        1,
        2,
        null,
        null
      ]
    },
    "timestamp": 1536685879
  }
}
